{
  "stats": {
    "suites": 1,
    "tests": 1,
    "passes": 1,
    "pending": 0,
    "failures": 0,
    "start": "2026-02-09T13:23:47.261Z",
    "end": "2026-02-09T13:23:52.452Z",
    "duration": 5191,
    "testsRegistered": 1,
    "passPercent": 100,
    "pendingPercent": 0,
    "other": 0,
    "hasOther": false,
    "skipped": 0,
    "hasSkipped": false
  },
  "results": [
    {
      "uuid": "0d8b908e-76c6-43fb-b06f-9e52c699e831",
      "title": "",
      "fullFile": "cypress\\e2e\\tests\\registerTest.cy.js",
      "file": "cypress\\e2e\\tests\\registerTest.cy.js",
      "beforeHooks": [],
      "afterHooks": [],
      "tests": [],
      "suites": [
        {
          "uuid": "c406e376-8b01-4002-af47-ad96f8c29d73",
          "title": "test automation",
          "fullFile": "",
          "file": "",
          "beforeHooks": [],
          "afterHooks": [],
          "tests": [
            {
              "title": "register flow",
              "fullTitle": "test automation register flow",
              "timedOut": null,
              "duration": 5148,
              "state": "passed",
              "speed": "medium",
              "pass": true,
              "fail": false,
              "pending": false,
              "context": null,
              "code": "registerObj.openURL();\nregisterObj.enterFirstName(_registerData.default.firstName);\nregisterObj.enterlastName(_registerData.default.lastName);\nregisterObj.enterEmail(_registerData.default.email);\nregisterObj.enterTelephone(_registerData.default.telephone);\nregisterObj.enterPassword(_registerData.default.password);\nregisterObj.selectCheckbox();\nregisterObj.clickOnContinue();",
              "err": {},
              "uuid": "b3c617a5-2eb4-439f-8325-64933f3032ba",
              "parentUUID": "c406e376-8b01-4002-af47-ad96f8c29d73",
              "isHook": false,
              "skipped": false
            }
          ],
          "suites": [],
          "passes": [
            "b3c617a5-2eb4-439f-8325-64933f3032ba"
          ],
          "failures": [],
          "pending": [],
          "skipped": [],
          "duration": 5148,
          "root": false,
          "rootEmpty": false,
          "_timeout": 2000
        }
      ],
      "passes": [],
      "failures": [],
      "pending": [],
      "skipped": [],
      "duration": 0,
      "root": true,
      "rootEmpty": true,
      "_timeout": 2000
    }
  ],
  "meta": {
    "mocha": {
      "version": "7.2.0"
    },
    "mochawesome": {
      "options": {
        "quiet": false,
        "reportFilename": "mochawesome",
        "saveHtml": true,
        "saveJson": true,
        "consoleReporter": "spec",
        "useInlineDiffs": false,
        "code": true
      },
      "version": "7.1.4"
    },
    "marge": {
      "options": {
        "reportDir": "cypress/results",
        "overwrite": true,
        "html": true,
        "json": true
      },
      "version": "6.3.2"
    }
  }
}